[INFO|main.py:21] 2018-03-02 14:01:05,134 > [GPU setting]
[INFO|main.py:25] 2018-03-02 14:01:05,134 > Done
[INFO|main.py:27] 2018-03-02 14:01:05,135 > [CUDA check]
[INFO|main.py:29] 2018-03-02 14:01:05,135 > CUDA availability : False
[INFO|main.py:30] 2018-03-02 14:01:05,135 > Done
[INFO|main.py:36] 2018-03-02 14:01:05,137 > [Parameter setting]
[INFO|main.py:48] 2018-03-02 14:01:05,137 > CONTEXT_SIZE = 8
EMBED_SIZE = 300
X_MAX = 100
ALPHA = 0.75
BATCH_SIZE = 4096
L_RATE = 0.05
NUM_EPOCHS = 10000
TOTAL_PROCESS_NUM = 16
LOWER_BOUND_OCCURENCE = 50
[INFO|main.py:50] 2018-03-02 14:01:05,137 > Done
[INFO|main.py:52] 2018-03-02 14:01:05,137 > [Load training data]
[INFO|main.py:21] 2018-03-02 14:05:21,839 > [GPU setting]
[INFO|main.py:25] 2018-03-02 14:05:21,839 > Done
[INFO|main.py:27] 2018-03-02 14:05:21,839 > [CUDA check]
[INFO|main.py:29] 2018-03-02 14:05:21,840 > CUDA availability : False
[INFO|main.py:30] 2018-03-02 14:05:21,840 > Done
[INFO|main.py:36] 2018-03-02 14:05:21,840 > [Parameter setting]
[INFO|main.py:48] 2018-03-02 14:05:21,840 > CONTEXT_SIZE = 8
EMBED_SIZE = 300
X_MAX = 100
ALPHA = 0.75
BATCH_SIZE = 4096
L_RATE = 0.05
NUM_EPOCHS = 10000
TOTAL_PROCESS_NUM = 16
LOWER_BOUND_OCCURENCE = 50
[INFO|main.py:50] 2018-03-02 14:05:21,840 > Done
[INFO|main.py:52] 2018-03-02 14:05:21,841 > [Load training data]
[INFO|main.py:21] 2018-03-02 14:05:29,032 > [GPU setting]
[INFO|main.py:25] 2018-03-02 14:05:29,032 > Done
[INFO|main.py:27] 2018-03-02 14:05:29,032 > [CUDA check]
[INFO|main.py:29] 2018-03-02 14:05:29,033 > CUDA availability : False
[INFO|main.py:30] 2018-03-02 14:05:29,033 > Done
[INFO|main.py:36] 2018-03-02 14:05:29,033 > [Parameter setting]
[INFO|main.py:48] 2018-03-02 14:05:29,033 > CONTEXT_SIZE = 8
EMBED_SIZE = 300
X_MAX = 100
ALPHA = 0.75
BATCH_SIZE = 4096
L_RATE = 0.05
NUM_EPOCHS = 10000
TOTAL_PROCESS_NUM = 16
LOWER_BOUND_OCCURENCE = 50
[INFO|main.py:50] 2018-03-02 14:05:29,034 > Done
[INFO|main.py:52] 2018-03-02 14:05:29,034 > [Load training data]
[INFO|main.py:57] 2018-03-02 14:06:07,385 > TOKENIZED_CORPUS_SIZE : 9824373
[INFO|main.py:58] 2018-03-02 14:06:07,385 > UNIQUE_WORD_SIZE : 18352
[INFO|main.py:59] 2018-03-02 14:06:07,385 > Done
[INFO|main.py:61] 2018-03-02 14:06:07,385 > [Load model]
[INFO|main.py:67] 2018-03-02 14:10:27,884 > Done
[INFO|main.py:69] 2018-03-02 14:10:27,887 > [Model parameters]
[INFO|main.py:71] 2018-03-02 14:10:27,888 > torch.Size([18352, 300])
[INFO|main.py:71] 2018-03-02 14:10:27,888 > torch.Size([18352, 1])
[INFO|main.py:71] 2018-03-02 14:10:27,889 > torch.Size([18352, 300])
[INFO|main.py:71] 2018-03-02 14:10:27,889 > torch.Size([18352, 1])
[INFO|main.py:72] 2018-03-02 14:10:27,889 > Done
[INFO|main.py:74] 2018-03-02 14:10:27,889 > [Set optimizer]
[INFO|main.py:77] 2018-03-02 14:10:27,913 > Done
[INFO|main.py:79] 2018-03-02 14:10:27,913 > [Start training]
[INFO|main.py:85] 2018-03-02 14:10:27,913 > EPOCH 1 start
[INFO|main.py:21] 2018-03-02 14:26:40,334 > [GPU setting]
[INFO|main.py:25] 2018-03-02 14:26:40,334 > Done
[INFO|main.py:27] 2018-03-02 14:26:40,334 > [CUDA check]
[INFO|main.py:29] 2018-03-02 14:26:40,334 > CUDA availability : False
[INFO|main.py:30] 2018-03-02 14:26:40,334 > Done
[INFO|main.py:36] 2018-03-02 14:26:40,335 > [Parameter setting]
[INFO|main.py:48] 2018-03-02 14:26:40,335 > CONTEXT_SIZE = 8
EMBED_SIZE = 300
X_MAX = 100
ALPHA = 0.75
BATCH_SIZE = 4096
L_RATE = 0.05
NUM_EPOCHS = 10000
TOTAL_PROCESS_NUM = 16
LOWER_BOUND_OCCURENCE = 50
[INFO|main.py:50] 2018-03-02 14:26:40,335 > Done
[INFO|main.py:52] 2018-03-02 14:26:40,336 > [Load training data]
[INFO|main.py:57] 2018-03-02 14:26:40,952 > TOKENIZED_CORPUS_SIZE : 71381
[INFO|main.py:58] 2018-03-02 14:26:40,952 > UNIQUE_WORD_SIZE : 410
[INFO|main.py:59] 2018-03-02 14:26:40,953 > Done
[INFO|main.py:61] 2018-03-02 14:26:40,953 > [Load model]
[INFO|main.py:67] 2018-03-02 14:26:42,716 > Done
[INFO|main.py:69] 2018-03-02 14:26:42,716 > [Model parameters]
[INFO|main.py:71] 2018-03-02 14:26:42,716 > torch.Size([410, 300])
[INFO|main.py:71] 2018-03-02 14:26:42,716 > torch.Size([410, 1])
[INFO|main.py:71] 2018-03-02 14:26:42,717 > torch.Size([410, 300])
[INFO|main.py:71] 2018-03-02 14:26:42,717 > torch.Size([410, 1])
[INFO|main.py:72] 2018-03-02 14:26:42,717 > Done
[INFO|main.py:74] 2018-03-02 14:26:42,717 > [Set optimizer]
[INFO|main.py:77] 2018-03-02 14:26:42,718 > Done
[INFO|main.py:79] 2018-03-02 14:26:42,718 > [Start training]
[INFO|main.py:85] 2018-03-02 14:26:42,718 > EPOCH 1 start
[INFO|main.py:21] 2018-03-02 14:28:17,974 > [GPU setting]
[INFO|main.py:25] 2018-03-02 14:28:17,974 > Done
[INFO|main.py:27] 2018-03-02 14:28:17,974 > [CUDA check]
[INFO|main.py:29] 2018-03-02 14:28:17,975 > CUDA availability : False
[INFO|main.py:30] 2018-03-02 14:28:17,975 > Done
[INFO|main.py:36] 2018-03-02 14:28:17,975 > [Parameter setting]
[INFO|main.py:48] 2018-03-02 14:28:17,976 > CONTEXT_SIZE = 8
EMBED_SIZE = 300
X_MAX = 100
ALPHA = 0.75
BATCH_SIZE = 4096
L_RATE = 0.05
NUM_EPOCHS = 10000
TOTAL_PROCESS_NUM = 16
LOWER_BOUND_OCCURENCE = 50
[INFO|main.py:50] 2018-03-02 14:28:17,976 > Done
[INFO|main.py:52] 2018-03-02 14:28:17,976 > [Load training data]
[INFO|main.py:57] 2018-03-02 14:28:18,612 > TOKENIZED_CORPUS_SIZE : 71381
[INFO|main.py:58] 2018-03-02 14:28:18,612 > UNIQUE_WORD_SIZE : 410
[INFO|main.py:59] 2018-03-02 14:28:18,612 > Done
[INFO|main.py:61] 2018-03-02 14:28:18,612 > [Load model]
[INFO|main.py:67] 2018-03-02 14:28:20,405 > Done
[INFO|main.py:69] 2018-03-02 14:28:20,405 > [Model parameters]
[INFO|main.py:71] 2018-03-02 14:28:20,405 > torch.Size([410, 300])
[INFO|main.py:71] 2018-03-02 14:28:20,406 > torch.Size([410, 1])
[INFO|main.py:71] 2018-03-02 14:28:20,406 > torch.Size([410, 300])
[INFO|main.py:71] 2018-03-02 14:28:20,406 > torch.Size([410, 1])
[INFO|main.py:72] 2018-03-02 14:28:20,406 > Done
[INFO|main.py:74] 2018-03-02 14:28:20,406 > [Set optimizer]
[INFO|main.py:77] 2018-03-02 14:28:20,407 > Done
[INFO|main.py:79] 2018-03-02 14:28:20,407 > [Start training]
[INFO|main.py:85] 2018-03-02 14:28:20,407 > EPOCH 1 start
[INFO|main.py:21] 2018-03-02 14:35:33,945 > [GPU setting]
[INFO|main.py:25] 2018-03-02 14:35:33,945 > Done
[INFO|main.py:27] 2018-03-02 14:35:33,945 > [CUDA check]
[INFO|main.py:29] 2018-03-02 14:35:33,945 > CUDA availability : False
[INFO|main.py:30] 2018-03-02 14:35:33,945 > Done
[INFO|main.py:36] 2018-03-02 14:35:33,946 > [Parameter setting]
[INFO|main.py:48] 2018-03-02 14:35:33,946 > CONTEXT_SIZE = 8
EMBED_SIZE = 300
X_MAX = 100
ALPHA = 0.75
BATCH_SIZE = 4096
L_RATE = 0.05
NUM_EPOCHS = 10000
TOTAL_PROCESS_NUM = 16
LOWER_BOUND_OCCURENCE = 50
[INFO|main.py:50] 2018-03-02 14:35:33,946 > Done
[INFO|main.py:52] 2018-03-02 14:35:33,946 > [Load training data]
[INFO|main.py:57] 2018-03-02 14:35:34,550 > TOKENIZED_CORPUS_SIZE : 71381
[INFO|main.py:58] 2018-03-02 14:35:34,550 > UNIQUE_WORD_SIZE : 410
[INFO|main.py:59] 2018-03-02 14:35:34,550 > Done
[INFO|main.py:61] 2018-03-02 14:35:34,550 > [Load model]
[INFO|main.py:67] 2018-03-02 14:35:36,416 > Done
[INFO|main.py:69] 2018-03-02 14:35:36,416 > [Model parameters]
[INFO|main.py:71] 2018-03-02 14:35:36,417 > torch.Size([410, 300])
[INFO|main.py:71] 2018-03-02 14:35:36,417 > torch.Size([410, 1])
[INFO|main.py:71] 2018-03-02 14:35:36,417 > torch.Size([410, 300])
[INFO|main.py:71] 2018-03-02 14:35:36,417 > torch.Size([410, 1])
[INFO|main.py:72] 2018-03-02 14:35:36,417 > Done
[INFO|main.py:74] 2018-03-02 14:35:36,418 > [Set optimizer]
[INFO|main.py:77] 2018-03-02 14:35:36,418 > Done
[INFO|main.py:79] 2018-03-02 14:35:36,418 > [Start training]
[INFO|main.py:85] 2018-03-02 14:35:36,419 > EPOCH 1 start
[INFO|main.py:21] 2018-03-05 00:54:37,384 > [GPU setting]
[INFO|main.py:25] 2018-03-05 00:54:37,384 > Done
[INFO|main.py:27] 2018-03-05 00:54:37,385 > [CUDA check]
[INFO|main.py:29] 2018-03-05 00:54:37,385 > CUDA availability : False
[INFO|main.py:30] 2018-03-05 00:54:37,385 > Done
[INFO|main.py:36] 2018-03-05 00:54:37,386 > [Parameter setting]
[INFO|main.py:48] 2018-03-05 00:54:37,386 > CONTEXT_SIZE = 8
EMBED_SIZE = 300
X_MAX = 100
ALPHA = 0.75
BATCH_SIZE = 4096
L_RATE = 0.05
NUM_EPOCHS = 10000
TOTAL_PROCESS_NUM = 16
LOWER_BOUND_OCCURENCE = 50
[INFO|main.py:50] 2018-03-05 00:54:37,386 > Done
[INFO|main.py:52] 2018-03-05 00:54:37,386 > [Load training data]
[INFO|main.py:57] 2018-03-05 00:54:38,052 > TOKENIZED_CORPUS_SIZE : 71381
[INFO|main.py:58] 2018-03-05 00:54:38,052 > UNIQUE_WORD_SIZE : 410
[INFO|main.py:59] 2018-03-05 00:54:38,052 > Done
[INFO|main.py:61] 2018-03-05 00:54:38,052 > [Load model]
[INFO|main.py:67] 2018-03-05 00:54:39,925 > Done
[INFO|main.py:69] 2018-03-05 00:54:39,925 > [Model parameters]
[INFO|main.py:71] 2018-03-05 00:54:39,925 > torch.Size([410, 300])
[INFO|main.py:71] 2018-03-05 00:54:39,925 > torch.Size([410, 1])
[INFO|main.py:71] 2018-03-05 00:54:39,925 > torch.Size([410, 300])
[INFO|main.py:71] 2018-03-05 00:54:39,926 > torch.Size([410, 1])
[INFO|main.py:72] 2018-03-05 00:54:39,926 > Done
[INFO|main.py:74] 2018-03-05 00:54:39,926 > [Set optimizer]
[INFO|main.py:77] 2018-03-05 00:54:39,927 > Done
[INFO|main.py:79] 2018-03-05 00:54:39,927 > [Start training]
[INFO|main.py:85] 2018-03-05 00:54:39,928 > EPOCH 1 start
[INFO|main.py:21] 2018-03-05 00:58:26,482 > [GPU setting]
[INFO|main.py:25] 2018-03-05 00:58:26,482 > Done
[INFO|main.py:27] 2018-03-05 00:58:26,482 > [CUDA check]
[INFO|main.py:29] 2018-03-05 00:58:26,483 > CUDA availability : False
[INFO|main.py:30] 2018-03-05 00:58:26,483 > Done
[INFO|main.py:36] 2018-03-05 00:58:26,483 > [Parameter setting]
[INFO|main.py:48] 2018-03-05 00:58:26,483 > CONTEXT_SIZE = 8
EMBED_SIZE = 300
X_MAX = 100
ALPHA = 0.75
BATCH_SIZE = 4096
L_RATE = 0.05
NUM_EPOCHS = 10000
TOTAL_PROCESS_NUM = 16
LOWER_BOUND_OCCURENCE = 50
[INFO|main.py:50] 2018-03-05 00:58:26,484 > Done
[INFO|main.py:52] 2018-03-05 00:58:26,484 > [Load training data]
[INFO|main.py:57] 2018-03-05 00:58:27,142 > TOKENIZED_CORPUS_SIZE : 71381
[INFO|main.py:58] 2018-03-05 00:58:27,143 > UNIQUE_WORD_SIZE : 410
[INFO|main.py:59] 2018-03-05 00:58:27,143 > Done
[INFO|main.py:61] 2018-03-05 00:58:27,143 > [Load model]
[INFO|main.py:67] 2018-03-05 00:58:28,957 > Done
[INFO|main.py:69] 2018-03-05 00:58:28,958 > [Model parameters]
[INFO|main.py:71] 2018-03-05 00:58:28,958 > torch.Size([410, 300])
[INFO|main.py:71] 2018-03-05 00:58:28,958 > torch.Size([410, 1])
[INFO|main.py:71] 2018-03-05 00:58:28,958 > torch.Size([410, 300])
[INFO|main.py:71] 2018-03-05 00:58:28,958 > torch.Size([410, 1])
[INFO|main.py:72] 2018-03-05 00:58:28,959 > Done
[INFO|main.py:74] 2018-03-05 00:58:28,959 > [Set optimizer]
[INFO|main.py:77] 2018-03-05 00:58:28,960 > Done
[INFO|main.py:79] 2018-03-05 00:58:28,960 > [Start training]
[INFO|main.py:85] 2018-03-05 00:58:28,960 > EPOCH 1 start
[INFO|main.py:21] 2018-03-05 00:58:38,158 > [GPU setting]
[INFO|main.py:25] 2018-03-05 00:58:38,158 > Done
[INFO|main.py:27] 2018-03-05 00:58:38,159 > [CUDA check]
[INFO|main.py:29] 2018-03-05 00:58:38,159 > CUDA availability : False
[INFO|main.py:30] 2018-03-05 00:58:38,159 > Done
[INFO|main.py:36] 2018-03-05 00:58:38,160 > [Parameter setting]
[INFO|main.py:48] 2018-03-05 00:58:38,160 > CONTEXT_SIZE = 8
EMBED_SIZE = 300
X_MAX = 100
ALPHA = 0.75
BATCH_SIZE = 4096
L_RATE = 0.05
NUM_EPOCHS = 10000
TOTAL_PROCESS_NUM = 16
LOWER_BOUND_OCCURENCE = 50
[INFO|main.py:50] 2018-03-05 00:58:38,160 > Done
[INFO|main.py:52] 2018-03-05 00:58:38,161 > [Load training data]
[INFO|main.py:57] 2018-03-05 00:58:38,999 > TOKENIZED_CORPUS_SIZE : 71381
[INFO|main.py:58] 2018-03-05 00:58:39,000 > UNIQUE_WORD_SIZE : 410
[INFO|main.py:59] 2018-03-05 00:58:39,000 > Done
[INFO|main.py:61] 2018-03-05 00:58:39,000 > [Load model]
[INFO|main.py:67] 2018-03-05 00:58:41,239 > Done
[INFO|main.py:69] 2018-03-05 00:58:41,239 > [Model parameters]
[INFO|main.py:71] 2018-03-05 00:58:41,239 > torch.Size([410, 300])
[INFO|main.py:71] 2018-03-05 00:58:41,239 > torch.Size([410, 1])
[INFO|main.py:71] 2018-03-05 00:58:41,240 > torch.Size([410, 300])
[INFO|main.py:71] 2018-03-05 00:58:41,240 > torch.Size([410, 1])
[INFO|main.py:72] 2018-03-05 00:58:41,240 > Done
[INFO|main.py:74] 2018-03-05 00:58:41,240 > [Set optimizer]
[INFO|main.py:77] 2018-03-05 00:58:41,241 > Done
[INFO|main.py:79] 2018-03-05 00:58:41,241 > [Start training]
[INFO|main.py:85] 2018-03-05 00:58:41,241 > EPOCH 1 start
[INFO|main.py:21] 2018-03-05 01:03:53,005 > [GPU setting]
[INFO|main.py:25] 2018-03-05 01:03:53,005 > Done
[INFO|main.py:27] 2018-03-05 01:03:53,005 > [CUDA check]
[INFO|main.py:29] 2018-03-05 01:03:53,005 > CUDA availability : False
[INFO|main.py:30] 2018-03-05 01:03:53,005 > Done
[INFO|main.py:36] 2018-03-05 01:03:53,006 > [Parameter setting]
[INFO|main.py:48] 2018-03-05 01:03:53,006 > CONTEXT_SIZE = 8
EMBED_SIZE = 300
X_MAX = 100
ALPHA = 0.75
BATCH_SIZE = 4096
L_RATE = 0.05
NUM_EPOCHS = 10000
TOTAL_PROCESS_NUM = 16
LOWER_BOUND_OCCURENCE = 50
[INFO|main.py:50] 2018-03-05 01:03:53,006 > Done
[INFO|main.py:52] 2018-03-05 01:03:53,006 > [Load training data]
[INFO|main.py:57] 2018-03-05 01:03:53,646 > TOKENIZED_CORPUS_SIZE : 71381
[INFO|main.py:58] 2018-03-05 01:03:53,646 > UNIQUE_WORD_SIZE : 410
[INFO|main.py:59] 2018-03-05 01:03:53,646 > Done
[INFO|main.py:61] 2018-03-05 01:03:53,646 > [Load model]
[INFO|main.py:67] 2018-03-05 01:03:55,439 > Done
[INFO|main.py:69] 2018-03-05 01:03:55,439 > [Model parameters]
[INFO|main.py:71] 2018-03-05 01:03:55,439 > torch.Size([410, 300])
[INFO|main.py:71] 2018-03-05 01:03:55,440 > torch.Size([410, 1])
[INFO|main.py:71] 2018-03-05 01:03:55,440 > torch.Size([410, 300])
[INFO|main.py:71] 2018-03-05 01:03:55,440 > torch.Size([410, 1])
[INFO|main.py:72] 2018-03-05 01:03:55,440 > Done
[INFO|main.py:74] 2018-03-05 01:03:55,440 > [Set optimizer]
[INFO|main.py:77] 2018-03-05 01:03:55,442 > Done
[INFO|main.py:79] 2018-03-05 01:03:55,442 > [Start training]
[INFO|main.py:85] 2018-03-05 01:03:55,442 > EPOCH 1 start
[INFO|main.py:102] 2018-03-05 01:03:58,491 > 19 % done
[INFO|main.py:102] 2018-03-05 01:04:01,928 > 39 % done
[INFO|main.py:99] 2018-03-05 01:04:03,568 > Estimated calculation time per each epoch is 0:00:17.379121
[INFO|main.py:102] 2018-03-05 01:04:05,219 > 58 % done
[INFO|main.py:102] 2018-03-05 01:04:08,502 > 78 % done
[INFO|main.py:102] 2018-03-05 01:04:11,772 > 97 % done
[INFO|main.py:111] 2018-03-05 01:04:12,594 > Train Epoch: 1 	 Loss: 4328879.618902
[INFO|main.py:21] 2018-03-05 01:05:09,701 > [GPU setting]
[INFO|main.py:25] 2018-03-05 01:05:09,702 > Done
[INFO|main.py:27] 2018-03-05 01:05:09,702 > [CUDA check]
[INFO|main.py:29] 2018-03-05 01:05:09,702 > CUDA availability : False
[INFO|main.py:30] 2018-03-05 01:05:09,702 > Done
[INFO|main.py:36] 2018-03-05 01:05:09,703 > [Parameter setting]
[INFO|main.py:48] 2018-03-05 01:05:09,703 > CONTEXT_SIZE = 8
EMBED_SIZE = 300
X_MAX = 100
ALPHA = 0.75
BATCH_SIZE = 4096
L_RATE = 0.05
NUM_EPOCHS = 10000
TOTAL_PROCESS_NUM = 16
LOWER_BOUND_OCCURENCE = 50
[INFO|main.py:50] 2018-03-05 01:05:09,703 > Done
[INFO|main.py:52] 2018-03-05 01:05:09,703 > [Load training data]
[INFO|main.py:57] 2018-03-05 01:05:10,344 > TOKENIZED_CORPUS_SIZE : 71381
[INFO|main.py:58] 2018-03-05 01:05:10,344 > UNIQUE_WORD_SIZE : 410
[INFO|main.py:59] 2018-03-05 01:05:10,345 > Done
[INFO|main.py:61] 2018-03-05 01:05:10,345 > [Load model]
[INFO|main.py:67] 2018-03-05 01:05:12,236 > Done
[INFO|main.py:69] 2018-03-05 01:05:12,236 > [Model parameters]
[INFO|main.py:71] 2018-03-05 01:05:12,237 > torch.Size([410, 300])
[INFO|main.py:71] 2018-03-05 01:05:12,237 > torch.Size([410, 1])
[INFO|main.py:71] 2018-03-05 01:05:12,237 > torch.Size([410, 300])
[INFO|main.py:71] 2018-03-05 01:05:12,237 > torch.Size([410, 1])
[INFO|main.py:72] 2018-03-05 01:05:12,237 > Done
[INFO|main.py:74] 2018-03-05 01:05:12,237 > [Set optimizer]
[INFO|main.py:77] 2018-03-05 01:05:12,238 > Done
[INFO|main.py:79] 2018-03-05 01:05:12,238 > [Start training]
[INFO|main.py:85] 2018-03-05 01:05:12,239 > EPOCH 1 start
[INFO|main.py:102] 2018-03-05 01:05:15,243 > 19 % done
[INFO|main.py:102] 2018-03-05 01:05:18,543 > 39 % done
[INFO|main.py:99] 2018-03-05 01:05:20,201 > Estimated calculation time per each epoch is 0:00:16.919347
[INFO|main.py:102] 2018-03-05 01:05:21,846 > 58 % done
[INFO|main.py:102] 2018-03-05 01:05:25,136 > 78 % done
[INFO|main.py:102] 2018-03-05 01:05:28,425 > 97 % done
[INFO|main.py:111] 2018-03-05 01:05:29,254 > Train Epoch: 1 	 Loss: 4302651.048780
[INFO|main.py:85] 2018-03-05 01:05:29,266 > EPOCH 2 start
[INFO|main.py:102] 2018-03-05 01:05:32,152 > 19 % done
[INFO|main.py:102] 2018-03-05 01:05:35,420 > 39 % done
[INFO|main.py:102] 2018-03-05 01:05:38,699 > 58 % done
[INFO|main.py:102] 2018-03-05 01:05:41,980 > 78 % done
[INFO|main.py:102] 2018-03-05 01:05:45,233 > 97 % done
[INFO|main.py:111] 2018-03-05 01:05:46,077 > Train Epoch: 2 	 Loss: 1000357.410061
[INFO|main.py:85] 2018-03-05 01:05:46,086 > EPOCH 3 start
[INFO|main.py:102] 2018-03-05 01:05:48,962 > 19 % done
[INFO|main.py:102] 2018-03-05 01:05:52,265 > 39 % done
[INFO|main.py:102] 2018-03-05 01:05:55,539 > 58 % done
[INFO|main.py:102] 2018-03-05 01:05:58,829 > 78 % done
[INFO|main.py:102] 2018-03-05 01:06:02,117 > 97 % done
[INFO|main.py:111] 2018-03-05 01:06:02,955 > Train Epoch: 3 	 Loss: 697397.661585
[INFO|main.py:85] 2018-03-05 01:06:02,962 > EPOCH 4 start
[INFO|main.py:102] 2018-03-05 01:06:05,829 > 19 % done
[INFO|main.py:102] 2018-03-05 01:06:09,079 > 39 % done
[INFO|main.py:102] 2018-03-05 01:06:12,371 > 58 % done
[INFO|main.py:102] 2018-03-05 01:06:15,661 > 78 % done
[INFO|main.py:102] 2018-03-05 01:06:18,973 > 97 % done
[INFO|main.py:111] 2018-03-05 01:06:19,799 > Train Epoch: 4 	 Loss: 569170.420732
[INFO|main.py:85] 2018-03-05 01:06:19,808 > EPOCH 5 start
[INFO|main.py:102] 2018-03-05 01:06:22,687 > 19 % done
[INFO|main.py:102] 2018-03-05 01:06:25,972 > 39 % done
[INFO|main.py:102] 2018-03-05 01:06:29,268 > 58 % done
[INFO|main.py:102] 2018-03-05 01:06:32,543 > 78 % done
[INFO|main.py:102] 2018-03-05 01:06:35,850 > 97 % done
[INFO|main.py:111] 2018-03-05 01:06:36,695 > Train Epoch: 5 	 Loss: 490140.635671
[INFO|main.py:85] 2018-03-05 01:06:36,702 > EPOCH 6 start
[INFO|main.py:102] 2018-03-05 01:06:39,578 > 19 % done
[INFO|main.py:102] 2018-03-05 01:06:42,880 > 39 % done
[INFO|main.py:102] 2018-03-05 01:06:46,184 > 58 % done
[INFO|main.py:102] 2018-03-05 01:06:49,484 > 78 % done
[INFO|main.py:102] 2018-03-05 01:06:52,788 > 97 % done
[INFO|main.py:111] 2018-03-05 01:06:53,613 > Train Epoch: 6 	 Loss: 443603.512195
[INFO|main.py:85] 2018-03-05 01:06:53,622 > EPOCH 7 start
[INFO|main.py:102] 2018-03-05 01:06:56,498 > 19 % done
[INFO|main.py:102] 2018-03-05 01:06:59,799 > 39 % done
[INFO|main.py:102] 2018-03-05 01:07:03,072 > 58 % done
[INFO|main.py:102] 2018-03-05 01:07:06,344 > 78 % done
[INFO|main.py:102] 2018-03-05 01:07:09,640 > 97 % done
[INFO|main.py:111] 2018-03-05 01:07:10,478 > Train Epoch: 7 	 Loss: 402566.256860
[INFO|main.py:85] 2018-03-05 01:07:10,485 > EPOCH 8 start
[INFO|main.py:102] 2018-03-05 01:07:13,350 > 19 % done
[INFO|main.py:102] 2018-03-05 01:07:16,665 > 39 % done
[INFO|main.py:102] 2018-03-05 01:07:19,950 > 58 % done
[INFO|main.py:102] 2018-03-05 01:07:23,222 > 78 % done
[INFO|main.py:102] 2018-03-05 01:07:26,508 > 97 % done
[INFO|main.py:111] 2018-03-05 01:07:27,332 > Train Epoch: 8 	 Loss: 371603.394055
[INFO|main.py:85] 2018-03-05 01:07:27,340 > EPOCH 9 start
[INFO|main.py:102] 2018-03-05 01:07:30,223 > 19 % done
[INFO|main.py:102] 2018-03-05 01:07:33,499 > 39 % done
[INFO|main.py:102] 2018-03-05 01:07:37,204 > 58 % done
[INFO|main.py:102] 2018-03-05 01:07:40,928 > 78 % done
[INFO|main.py:102] 2018-03-05 01:07:44,790 > 97 % done
[INFO|main.py:111] 2018-03-05 01:07:45,641 > Train Epoch: 9 	 Loss: 342047.921494
[INFO|main.py:85] 2018-03-05 01:07:45,650 > EPOCH 10 start
[INFO|main.py:102] 2018-03-05 01:07:48,796 > 19 % done
[INFO|main.py:102] 2018-03-05 01:07:52,109 > 39 % done
[INFO|main.py:102] 2018-03-05 01:07:55,371 > 58 % done
[INFO|main.py:102] 2018-03-05 01:07:59,038 > 78 % done
[INFO|main.py:102] 2018-03-05 01:08:03,102 > 97 % done
[INFO|main.py:111] 2018-03-05 01:08:03,952 > Train Epoch: 10 	 Loss: 320657.590701
[INFO|main.py:85] 2018-03-05 01:08:03,960 > EPOCH 11 start
[INFO|main.py:102] 2018-03-05 01:08:06,831 > 19 % done
[INFO|main.py:102] 2018-03-05 01:08:10,137 > 39 % done
[INFO|main.py:102] 2018-03-05 01:08:13,445 > 58 % done
[INFO|main.py:102] 2018-03-05 01:08:16,752 > 78 % done
[INFO|main.py:102] 2018-03-05 01:08:20,065 > 97 % done
[INFO|main.py:111] 2018-03-05 01:08:20,883 > Train Epoch: 11 	 Loss: 297444.434451
[INFO|main.py:85] 2018-03-05 01:08:20,893 > EPOCH 12 start
[INFO|main.py:102] 2018-03-05 01:08:23,819 > 19 % done
[INFO|main.py:102] 2018-03-05 01:08:27,190 > 39 % done
[INFO|main.py:102] 2018-03-05 01:08:30,706 > 58 % done
[INFO|main.py:102] 2018-03-05 01:08:34,099 > 78 % done
[INFO|main.py:102] 2018-03-05 01:08:37,498 > 97 % done
[INFO|main.py:111] 2018-03-05 01:08:38,319 > Train Epoch: 12 	 Loss: 277421.162729
[INFO|main.py:85] 2018-03-05 01:08:38,326 > EPOCH 13 start
[INFO|main.py:102] 2018-03-05 01:08:41,310 > 19 % done
[INFO|main.py:102] 2018-03-05 01:08:44,820 > 39 % done
[INFO|main.py:102] 2018-03-05 01:08:48,252 > 58 % done
[INFO|main.py:102] 2018-03-05 01:08:51,747 > 78 % done
[INFO|main.py:102] 2018-03-05 01:08:55,139 > 97 % done
[INFO|main.py:111] 2018-03-05 01:08:56,083 > Train Epoch: 13 	 Loss: 262548.227515
[INFO|main.py:85] 2018-03-05 01:08:56,091 > EPOCH 14 start
[INFO|main.py:102] 2018-03-05 01:08:59,104 > 19 % done
[INFO|main.py:102] 2018-03-05 01:09:02,462 > 39 % done
[INFO|main.py:102] 2018-03-05 01:09:05,830 > 58 % done
[INFO|main.py:102] 2018-03-05 01:09:09,240 > 78 % done
[INFO|main.py:102] 2018-03-05 01:09:12,530 > 97 % done
[INFO|main.py:111] 2018-03-05 01:09:13,357 > Train Epoch: 14 	 Loss: 245159.924162
[INFO|main.py:85] 2018-03-05 01:09:13,363 > EPOCH 15 start
[INFO|main.py:102] 2018-03-05 01:09:16,348 > 19 % done
[INFO|main.py:102] 2018-03-05 01:09:19,815 > 39 % done
[INFO|main.py:102] 2018-03-05 01:09:23,172 > 58 % done
[INFO|main.py:102] 2018-03-05 01:09:26,513 > 78 % done
[INFO|main.py:102] 2018-03-05 01:09:29,892 > 97 % done
[INFO|main.py:111] 2018-03-05 01:09:30,706 > Train Epoch: 15 	 Loss: 231259.160061
[INFO|main.py:85] 2018-03-05 01:09:30,715 > EPOCH 16 start
[INFO|main.py:102] 2018-03-05 01:09:33,710 > 19 % done
[INFO|main.py:102] 2018-03-05 01:09:37,014 > 39 % done
[INFO|main.py:102] 2018-03-05 01:09:40,526 > 58 % done
[INFO|main.py:102] 2018-03-05 01:09:44,025 > 78 % done
[INFO|main.py:102] 2018-03-05 01:09:47,534 > 97 % done
[INFO|main.py:111] 2018-03-05 01:09:48,351 > Train Epoch: 16 	 Loss: 218362.295732
[INFO|main.py:85] 2018-03-05 01:09:48,360 > EPOCH 17 start
[INFO|main.py:102] 2018-03-05 01:09:51,338 > 19 % done
[INFO|main.py:102] 2018-03-05 01:09:54,824 > 39 % done
[INFO|main.py:102] 2018-03-05 01:09:58,233 > 58 % done
[INFO|main.py:102] 2018-03-05 01:10:01,650 > 78 % done
[INFO|main.py:102] 2018-03-05 01:10:05,094 > 97 % done
[INFO|main.py:111] 2018-03-05 01:10:05,904 > Train Epoch: 17 	 Loss: 207426.169207
[INFO|main.py:85] 2018-03-05 01:10:05,912 > EPOCH 18 start
[INFO|main.py:102] 2018-03-05 01:10:09,018 > 19 % done
[INFO|main.py:102] 2018-03-05 01:10:12,407 > 39 % done
[INFO|main.py:102] 2018-03-05 01:10:15,934 > 58 % done
[INFO|main.py:102] 2018-03-05 01:10:19,324 > 78 % done
[INFO|main.py:102] 2018-03-05 01:10:22,733 > 97 % done
[INFO|main.py:111] 2018-03-05 01:10:23,554 > Train Epoch: 18 	 Loss: 195211.389863
[INFO|main.py:85] 2018-03-05 01:10:23,561 > EPOCH 19 start
[INFO|main.py:102] 2018-03-05 01:10:26,566 > 19 % done
[INFO|main.py:102] 2018-03-05 01:10:29,844 > 39 % done
[INFO|main.py:102] 2018-03-05 01:10:33,228 > 58 % done
[INFO|main.py:102] 2018-03-05 01:10:36,634 > 78 % done
[INFO|main.py:102] 2018-03-05 01:10:39,950 > 97 % done
[INFO|main.py:111] 2018-03-05 01:10:40,875 > Train Epoch: 19 	 Loss: 184627.963415
[INFO|main.py:85] 2018-03-05 01:10:40,883 > EPOCH 20 start
[INFO|main.py:102] 2018-03-05 01:10:43,769 > 19 % done
[INFO|main.py:102] 2018-03-05 01:10:47,169 > 39 % done
[INFO|main.py:102] 2018-03-05 01:10:50,567 > 58 % done
[INFO|main.py:102] 2018-03-05 01:10:53,871 > 78 % done
[INFO|main.py:102] 2018-03-05 01:10:57,264 > 97 % done
[INFO|main.py:111] 2018-03-05 01:10:58,100 > Train Epoch: 20 	 Loss: 175947.523247
[INFO|main.py:85] 2018-03-05 01:10:58,107 > EPOCH 21 start
[INFO|main.py:102] 2018-03-05 01:11:00,996 > 19 % done
[INFO|main.py:102] 2018-03-05 01:11:04,467 > 39 % done
[INFO|main.py:102] 2018-03-05 01:11:07,841 > 58 % done
[INFO|main.py:102] 2018-03-05 01:11:11,320 > 78 % done
[INFO|main.py:102] 2018-03-05 01:11:14,715 > 97 % done
[INFO|main.py:111] 2018-03-05 01:11:15,589 > Train Epoch: 21 	 Loss: 167512.118521
[INFO|main.py:85] 2018-03-05 01:11:15,602 > EPOCH 22 start
[INFO|main.py:102] 2018-03-05 01:11:19,029 > 19 % done
[INFO|main.py:102] 2018-03-05 01:11:23,213 > 39 % done
[INFO|main.py:102] 2018-03-05 01:11:27,943 > 58 % done
[INFO|main.py:102] 2018-03-05 01:11:32,448 > 78 % done
[INFO|main.py:102] 2018-03-05 01:11:36,534 > 97 % done
[INFO|main.py:111] 2018-03-05 01:11:37,790 > Train Epoch: 22 	 Loss: 160720.431021
[INFO|main.py:85] 2018-03-05 01:11:37,813 > EPOCH 23 start
[INFO|main.py:102] 2018-03-05 01:11:41,790 > 19 % done
[INFO|main.py:102] 2018-03-05 01:11:45,901 > 39 % done
[INFO|main.py:102] 2018-03-05 01:11:49,252 > 58 % done
[INFO|main.py:102] 2018-03-05 01:11:52,628 > 78 % done
[INFO|main.py:102] 2018-03-05 01:11:55,964 > 97 % done
[INFO|main.py:111] 2018-03-05 01:11:56,781 > Train Epoch: 23 	 Loss: 152887.220274
[INFO|main.py:85] 2018-03-05 01:11:56,790 > EPOCH 24 start
[INFO|main.py:102] 2018-03-05 01:12:00,116 > 19 % done
[INFO|main.py:102] 2018-03-05 01:12:03,988 > 39 % done
[INFO|main.py:102] 2018-03-05 01:12:07,862 > 58 % done
[INFO|main.py:102] 2018-03-05 01:12:11,547 > 78 % done
[INFO|main.py:102] 2018-03-05 01:12:15,128 > 97 % done
[INFO|main.py:111] 2018-03-05 01:12:15,987 > Train Epoch: 24 	 Loss: 144784.512195
[INFO|main.py:85] 2018-03-05 01:12:15,997 > EPOCH 25 start
[INFO|main.py:102] 2018-03-05 01:12:18,983 > 19 % done
[INFO|main.py:102] 2018-03-05 01:12:22,450 > 39 % done
[INFO|main.py:102] 2018-03-05 01:12:26,141 > 58 % done
[INFO|main.py:102] 2018-03-05 01:12:29,610 > 78 % done
[INFO|main.py:102] 2018-03-05 01:12:32,933 > 97 % done
[INFO|main.py:111] 2018-03-05 01:12:33,766 > Train Epoch: 25 	 Loss: 139562.354611
[INFO|main.py:85] 2018-03-05 01:12:33,773 > EPOCH 26 start
[INFO|main.py:102] 2018-03-05 01:12:36,679 > 19 % done
[INFO|main.py:102] 2018-03-05 01:12:40,851 > 39 % done
[INFO|main.py:102] 2018-03-05 01:12:44,679 > 58 % done
[INFO|main.py:102] 2018-03-05 01:12:48,976 > 78 % done
[INFO|main.py:102] 2018-03-05 01:12:52,760 > 97 % done
[INFO|main.py:111] 2018-03-05 01:12:53,596 > Train Epoch: 26 	 Loss: 133878.908918
[INFO|main.py:85] 2018-03-05 01:12:53,606 > EPOCH 27 start
[INFO|main.py:102] 2018-03-05 01:12:56,919 > 19 % done
[INFO|main.py:102] 2018-03-05 01:13:00,510 > 39 % done
[INFO|main.py:102] 2018-03-05 01:13:04,182 > 58 % done
[INFO|main.py:102] 2018-03-05 01:13:07,558 > 78 % done
[INFO|main.py:102] 2018-03-05 01:13:10,945 > 97 % done
[INFO|main.py:111] 2018-03-05 01:13:11,807 > Train Epoch: 27 	 Loss: 127778.684451
[INFO|main.py:85] 2018-03-05 01:13:11,814 > EPOCH 28 start
[INFO|main.py:102] 2018-03-05 01:13:14,887 > 19 % done
[INFO|main.py:102] 2018-03-05 01:13:18,404 > 39 % done
[INFO|main.py:102] 2018-03-05 01:13:21,763 > 58 % done
[INFO|main.py:102] 2018-03-05 01:13:25,145 > 78 % done
[INFO|main.py:102] 2018-03-05 01:13:28,710 > 97 % done
[INFO|main.py:111] 2018-03-05 01:13:29,753 > Train Epoch: 28 	 Loss: 122754.963034
[INFO|main.py:85] 2018-03-05 01:13:29,766 > EPOCH 29 start
[INFO|main.py:102] 2018-03-05 01:13:32,873 > 19 % done
[INFO|main.py:102] 2018-03-05 01:13:36,278 > 39 % done
[INFO|main.py:102] 2018-03-05 01:13:39,719 > 58 % done
[INFO|main.py:102] 2018-03-05 01:13:43,112 > 78 % done
[INFO|main.py:102] 2018-03-05 01:13:46,448 > 97 % done
[INFO|main.py:111] 2018-03-05 01:13:47,296 > Train Epoch: 29 	 Loss: 117510.479611
[INFO|main.py:85] 2018-03-05 01:13:47,307 > EPOCH 30 start
[INFO|main.py:102] 2018-03-05 01:13:50,280 > 19 % done
[INFO|main.py:102] 2018-03-05 01:13:53,795 > 39 % done
[INFO|main.py:102] 2018-03-05 01:13:57,357 > 58 % done
[INFO|main.py:102] 2018-03-05 01:14:01,474 > 78 % done
[INFO|main.py:102] 2018-03-05 01:14:05,590 > 97 % done
[INFO|main.py:111] 2018-03-05 01:14:06,546 > Train Epoch: 30 	 Loss: 112939.248476
[INFO|main.py:85] 2018-03-05 01:14:06,557 > EPOCH 31 start
[INFO|main.py:102] 2018-03-05 01:14:09,658 > 19 % done
[INFO|main.py:102] 2018-03-05 01:14:13,233 > 39 % done
[INFO|main.py:102] 2018-03-05 01:14:16,819 > 58 % done
[INFO|main.py:102] 2018-03-05 01:14:20,303 > 78 % done
[INFO|main.py:102] 2018-03-05 01:14:23,855 > 97 % done
[INFO|main.py:111] 2018-03-05 01:14:24,723 > Train Epoch: 31 	 Loss: 108024.630526
[INFO|main.py:85] 2018-03-05 01:14:24,733 > EPOCH 32 start
[INFO|main.py:102] 2018-03-05 01:14:27,829 > 19 % done
[INFO|main.py:102] 2018-03-05 01:14:31,444 > 39 % done
[INFO|main.py:102] 2018-03-05 01:14:35,034 > 58 % done
[INFO|main.py:102] 2018-03-05 01:14:38,600 > 78 % done
[INFO|main.py:102] 2018-03-05 01:14:42,125 > 97 % done
[INFO|main.py:111] 2018-03-05 01:14:42,976 > Train Epoch: 32 	 Loss: 104973.724085
[INFO|main.py:85] 2018-03-05 01:14:42,986 > EPOCH 33 start
[INFO|main.py:102] 2018-03-05 01:14:46,123 > 19 % done
[INFO|main.py:102] 2018-03-05 01:14:49,630 > 39 % done
[INFO|main.py:102] 2018-03-05 01:14:53,170 > 58 % done
[INFO|main.py:102] 2018-03-05 01:14:56,662 > 78 % done
[INFO|main.py:102] 2018-03-05 01:15:00,168 > 97 % done
[INFO|main.py:111] 2018-03-05 01:15:01,000 > Train Epoch: 33 	 Loss: 100844.133765
[INFO|main.py:85] 2018-03-05 01:15:01,008 > EPOCH 34 start
[INFO|main.py:102] 2018-03-05 01:15:03,873 > 19 % done
[INFO|main.py:102] 2018-03-05 01:15:07,149 > 39 % done
[INFO|main.py:102] 2018-03-05 01:15:10,519 > 58 % done
[INFO|main.py:102] 2018-03-05 01:15:14,187 > 78 % done
[INFO|main.py:102] 2018-03-05 01:15:17,728 > 97 % done
[INFO|main.py:111] 2018-03-05 01:15:18,687 > Train Epoch: 34 	 Loss: 97332.375953
[INFO|main.py:85] 2018-03-05 01:15:18,696 > EPOCH 35 start
[INFO|main.py:102] 2018-03-05 01:15:21,665 > 19 % done
[INFO|main.py:102] 2018-03-05 01:15:24,933 > 39 % done
[INFO|main.py:102] 2018-03-05 01:15:28,211 > 58 % done
[INFO|main.py:102] 2018-03-05 01:15:31,792 > 78 % done
[INFO|main.py:102] 2018-03-05 01:15:35,305 > 97 % done
[INFO|main.py:111] 2018-03-05 01:15:36,203 > Train Epoch: 35 	 Loss: 93353.145579
[INFO|main.py:85] 2018-03-05 01:15:36,211 > EPOCH 36 start
[INFO|main.py:102] 2018-03-05 01:15:39,296 > 19 % done
[INFO|main.py:102] 2018-03-05 01:15:42,803 > 39 % done
[INFO|main.py:102] 2018-03-05 01:15:46,294 > 58 % done
[INFO|main.py:102] 2018-03-05 01:15:49,970 > 78 % done
[INFO|main.py:102] 2018-03-05 01:15:53,595 > 97 % done
[INFO|main.py:111] 2018-03-05 01:15:54,486 > Train Epoch: 36 	 Loss: 90518.114329
[INFO|main.py:85] 2018-03-05 01:15:54,493 > EPOCH 37 start
[INFO|main.py:102] 2018-03-05 01:15:57,563 > 19 % done
[INFO|main.py:102] 2018-03-05 01:16:01,076 > 39 % done
[INFO|main.py:102] 2018-03-05 01:16:04,639 > 58 % done
[INFO|main.py:102] 2018-03-05 01:16:08,401 > 78 % done
[INFO|main.py:102] 2018-03-05 01:16:11,919 > 97 % done
[INFO|main.py:111] 2018-03-05 01:16:12,905 > Train Epoch: 37 	 Loss: 86688.286395
[INFO|main.py:85] 2018-03-05 01:16:12,926 > EPOCH 38 start
[INFO|main.py:102] 2018-03-05 01:16:16,395 > 19 % done
[INFO|main.py:102] 2018-03-05 01:16:20,474 > 39 % done
[INFO|main.py:102] 2018-03-05 01:16:24,238 > 58 % done
[INFO|main.py:102] 2018-03-05 01:16:27,779 > 78 % done
[INFO|main.py:102] 2018-03-05 01:16:31,157 > 97 % done
[INFO|main.py:111] 2018-03-05 01:16:32,043 > Train Epoch: 38 	 Loss: 84123.266578
[INFO|main.py:85] 2018-03-05 01:16:32,050 > EPOCH 39 start
[INFO|main.py:102] 2018-03-05 01:16:35,177 > 19 % done
[INFO|main.py:102] 2018-03-05 01:16:38,741 > 39 % done
[INFO|main.py:102] 2018-03-05 01:16:42,303 > 58 % done
[INFO|main.py:102] 2018-03-05 01:16:45,940 > 78 % done
[INFO|main.py:102] 2018-03-05 01:16:49,506 > 97 % done
[INFO|main.py:111] 2018-03-05 01:16:50,417 > Train Epoch: 39 	 Loss: 81998.219703
[INFO|main.py:85] 2018-03-05 01:16:50,427 > EPOCH 40 start
[INFO|main.py:102] 2018-03-05 01:16:53,537 > 19 % done
[INFO|main.py:102] 2018-03-05 01:16:57,074 > 39 % done
[INFO|main.py:102] 2018-03-05 01:17:00,600 > 58 % done
[INFO|main.py:102] 2018-03-05 01:17:04,454 > 78 % done
[INFO|main.py:102] 2018-03-05 01:17:07,877 > 97 % done
[INFO|main.py:111] 2018-03-05 01:17:08,730 > Train Epoch: 40 	 Loss: 78711.975800
[INFO|main.py:85] 2018-03-05 01:17:08,739 > EPOCH 41 start
[INFO|main.py:102] 2018-03-05 01:17:11,713 > 19 % done
[INFO|main.py:102] 2018-03-05 01:17:15,310 > 39 % done
[INFO|main.py:102] 2018-03-05 01:17:18,891 > 58 % done
[INFO|main.py:102] 2018-03-05 01:17:22,485 > 78 % done
[INFO|main.py:102] 2018-03-05 01:17:26,938 > 97 % done
[INFO|main.py:111] 2018-03-05 01:17:27,799 > Train Epoch: 41 	 Loss: 76369.778011
[INFO|main.py:85] 2018-03-05 01:17:27,810 > EPOCH 42 start
[INFO|main.py:102] 2018-03-05 01:17:30,959 > 19 % done
[INFO|main.py:102] 2018-03-05 01:17:34,559 > 39 % done
[INFO|main.py:102] 2018-03-05 01:17:38,378 > 58 % done
[INFO|main.py:102] 2018-03-05 01:17:42,041 > 78 % done
[INFO|main.py:102] 2018-03-05 01:17:45,546 > 97 % done
[INFO|main.py:111] 2018-03-05 01:17:46,590 > Train Epoch: 42 	 Loss: 73952.898247
[INFO|main.py:85] 2018-03-05 01:17:46,603 > EPOCH 43 start
[INFO|main.py:102] 2018-03-05 01:17:49,694 > 19 % done
[INFO|main.py:102] 2018-03-05 01:17:53,390 > 39 % done
[INFO|main.py:102] 2018-03-05 01:17:56,914 > 58 % done
[INFO|main.py:102] 2018-03-05 01:18:00,505 > 78 % done
[INFO|main.py:102] 2018-03-05 01:18:04,131 > 97 % done
[INFO|main.py:111] 2018-03-05 01:18:05,129 > Train Epoch: 43 	 Loss: 71776.137767
[INFO|main.py:85] 2018-03-05 01:18:05,151 > EPOCH 44 start
[INFO|main.py:102] 2018-03-05 01:18:08,409 > 19 % done
[INFO|main.py:102] 2018-03-05 01:18:12,056 > 39 % done
[INFO|main.py:102] 2018-03-05 01:18:15,555 > 58 % done
[INFO|main.py:102] 2018-03-05 01:18:19,565 > 78 % done
[INFO|main.py:102] 2018-03-05 01:18:23,394 > 97 % done
[INFO|main.py:111] 2018-03-05 01:18:24,258 > Train Epoch: 44 	 Loss: 69219.404345
[INFO|main.py:85] 2018-03-05 01:18:24,268 > EPOCH 45 start
[INFO|main.py:102] 2018-03-05 01:18:27,331 > 19 % done
[INFO|main.py:102] 2018-03-05 01:18:30,869 > 39 % done
[INFO|main.py:102] 2018-03-05 01:18:34,295 > 58 % done
[INFO|main.py:102] 2018-03-05 01:18:37,819 > 78 % done
[INFO|main.py:102] 2018-03-05 01:18:41,498 > 97 % done
[INFO|main.py:111] 2018-03-05 01:18:42,374 > Train Epoch: 45 	 Loss: 67485.679688
[INFO|main.py:85] 2018-03-05 01:18:42,385 > EPOCH 46 start
[INFO|main.py:102] 2018-03-05 01:18:45,467 > 19 % done
[INFO|main.py:102] 2018-03-05 01:18:49,054 > 39 % done
[INFO|main.py:102] 2018-03-05 01:18:52,692 > 58 % done
[INFO|main.py:102] 2018-03-05 01:18:56,340 > 78 % done
[INFO|main.py:102] 2018-03-05 01:18:59,861 > 97 % done
[INFO|main.py:111] 2018-03-05 01:19:00,760 > Train Epoch: 46 	 Loss: 65426.647389
[INFO|main.py:85] 2018-03-05 01:19:00,770 > EPOCH 47 start
[INFO|main.py:102] 2018-03-05 01:19:03,934 > 19 % done
[INFO|main.py:102] 2018-03-05 01:19:07,597 > 39 % done
[INFO|main.py:102] 2018-03-05 01:19:11,140 > 58 % done
[INFO|main.py:102] 2018-03-05 01:19:14,907 > 78 % done
[INFO|main.py:102] 2018-03-05 01:19:18,443 > 97 % done
[INFO|main.py:111] 2018-03-05 01:19:19,297 > Train Epoch: 47 	 Loss: 63645.892626
[INFO|main.py:85] 2018-03-05 01:19:19,307 > EPOCH 48 start
[INFO|main.py:102] 2018-03-05 01:19:22,253 > 19 % done
[INFO|main.py:102] 2018-03-05 01:19:25,627 > 39 % done
[INFO|main.py:102] 2018-03-05 01:19:29,443 > 58 % done
[INFO|main.py:102] 2018-03-05 01:19:33,075 > 78 % done
[INFO|main.py:102] 2018-03-05 01:19:36,584 > 97 % done
[INFO|main.py:111] 2018-03-05 01:19:37,624 > Train Epoch: 48 	 Loss: 61969.816502
[INFO|main.py:85] 2018-03-05 01:19:37,633 > EPOCH 49 start
[INFO|main.py:102] 2018-03-05 01:19:40,806 > 19 % done
[INFO|main.py:102] 2018-03-05 01:19:44,421 > 39 % done
[INFO|main.py:102] 2018-03-05 01:19:48,030 > 58 % done
[INFO|main.py:102] 2018-03-05 01:19:51,437 > 78 % done
[INFO|main.py:102] 2018-03-05 01:19:54,954 > 97 % done
[INFO|main.py:111] 2018-03-05 01:19:55,843 > Train Epoch: 49 	 Loss: 59729.263434
[INFO|main.py:85] 2018-03-05 01:19:55,855 > EPOCH 50 start
[INFO|main.py:102] 2018-03-05 01:19:59,006 > 19 % done
[INFO|main.py:102] 2018-03-05 01:20:02,615 > 39 % done
[INFO|main.py:102] 2018-03-05 01:20:06,134 > 58 % done
[INFO|main.py:102] 2018-03-05 01:20:09,972 > 78 % done
[INFO|main.py:102] 2018-03-05 01:20:13,732 > 97 % done
[INFO|main.py:111] 2018-03-05 01:20:14,567 > Train Epoch: 50 	 Loss: 58457.841749
[INFO|main.py:85] 2018-03-05 01:20:14,576 > EPOCH 51 start
[INFO|main.py:102] 2018-03-05 01:20:17,664 > 19 % done
[INFO|main.py:102] 2018-03-05 01:20:21,204 > 39 % done
[INFO|main.py:102] 2018-03-05 01:20:24,886 > 58 % done
[INFO|main.py:102] 2018-03-05 01:20:28,769 > 78 % done
[INFO|main.py:102] 2018-03-05 01:20:32,427 > 97 % done
[INFO|main.py:111] 2018-03-05 01:20:33,416 > Train Epoch: 51 	 Loss: 56701.843941
[INFO|main.py:85] 2018-03-05 01:20:33,427 > EPOCH 52 start
[INFO|main.py:102] 2018-03-05 01:20:36,703 > 19 % done
[INFO|main.py:102] 2018-03-05 01:20:40,400 > 39 % done
[INFO|main.py:102] 2018-03-05 01:20:43,905 > 58 % done
[INFO|main.py:102] 2018-03-05 01:20:47,559 > 78 % done
[INFO|main.py:102] 2018-03-05 01:20:51,283 > 97 % done
[INFO|main.py:111] 2018-03-05 01:20:52,417 > Train Epoch: 52 	 Loss: 55712.039825
[INFO|main.py:85] 2018-03-05 01:20:52,428 > EPOCH 53 start
[INFO|main.py:102] 2018-03-05 01:20:55,749 > 19 % done
[INFO|main.py:102] 2018-03-05 01:20:59,242 > 39 % done
[INFO|main.py:102] 2018-03-05 01:21:02,669 > 58 % done
[INFO|main.py:102] 2018-03-05 01:21:06,883 > 78 % done
[INFO|main.py:102] 2018-03-05 01:21:11,739 > 97 % done
[INFO|main.py:111] 2018-03-05 01:21:12,691 > Train Epoch: 53 	 Loss: 53488.508289
[INFO|main.py:85] 2018-03-05 01:21:12,698 > EPOCH 54 start
[INFO|main.py:102] 2018-03-05 01:21:16,148 > 19 % done
[INFO|main.py:102] 2018-03-05 01:21:20,027 > 39 % done
[INFO|main.py:102] 2018-03-05 01:21:23,548 > 58 % done
[INFO|main.py:102] 2018-03-05 01:21:27,438 > 78 % done
[INFO|main.py:102] 2018-03-05 01:21:31,108 > 97 % done
[INFO|main.py:111] 2018-03-05 01:21:32,088 > Train Epoch: 54 	 Loss: 52490.280297
[INFO|main.py:85] 2018-03-05 01:21:32,098 > EPOCH 55 start
[INFO|main.py:102] 2018-03-05 01:21:35,530 > 19 % done
[INFO|main.py:102] 2018-03-05 01:21:40,268 > 39 % done
[INFO|main.py:102] 2018-03-05 01:21:44,058 > 58 % done
[INFO|main.py:102] 2018-03-05 01:21:48,349 > 78 % done
[INFO|main.py:102] 2018-03-05 01:21:52,283 > 97 % done
[INFO|main.py:111] 2018-03-05 01:21:53,220 > Train Epoch: 55 	 Loss: 50971.272675
[INFO|main.py:85] 2018-03-05 01:21:53,231 > EPOCH 56 start
[INFO|main.py:102] 2018-03-05 01:21:57,231 > 19 % done
[INFO|main.py:102] 2018-03-05 01:22:01,038 > 39 % done
[INFO|main.py:102] 2018-03-05 01:22:04,815 > 58 % done
[INFO|main.py:102] 2018-03-05 01:22:08,292 > 78 % done
[INFO|main.py:102] 2018-03-05 01:22:12,019 > 97 % done
[INFO|main.py:111] 2018-03-05 01:22:12,966 > Train Epoch: 56 	 Loss: 50323.949981
[INFO|main.py:85] 2018-03-05 01:22:12,976 > EPOCH 57 start
[INFO|main.py:102] 2018-03-05 01:22:16,440 > 19 % done
[INFO|main.py:102] 2018-03-05 01:22:20,244 > 39 % done
[INFO|main.py:102] 2018-03-05 01:22:23,975 > 58 % done
[INFO|main.py:102] 2018-03-05 01:22:27,663 > 78 % done
[INFO|main.py:102] 2018-03-05 01:22:31,142 > 97 % done
[INFO|main.py:111] 2018-03-05 01:22:31,975 > Train Epoch: 57 	 Loss: 48582.679211
[INFO|main.py:85] 2018-03-05 01:22:31,984 > EPOCH 58 start
[INFO|main.py:102] 2018-03-05 01:22:34,943 > 19 % done
[INFO|main.py:102] 2018-03-05 01:22:38,370 > 39 % done
[INFO|main.py:102] 2018-03-05 01:22:41,749 > 58 % done
[INFO|main.py:102] 2018-03-05 01:22:45,152 > 78 % done
[INFO|main.py:102] 2018-03-05 01:22:48,506 > 97 % done
[INFO|main.py:111] 2018-03-05 01:22:49,376 > Train Epoch: 58 	 Loss: 47530.238948
[INFO|main.py:85] 2018-03-05 01:22:49,384 > EPOCH 59 start
[INFO|main.py:102] 2018-03-05 01:22:52,263 > 19 % done
[INFO|main.py:102] 2018-03-05 01:22:55,948 > 39 % done
[INFO|main.py:102] 2018-03-05 01:22:59,724 > 58 % done
[INFO|main.py:102] 2018-03-05 01:23:03,466 > 78 % done
[INFO|main.py:102] 2018-03-05 01:23:08,034 > 97 % done
[INFO|main.py:111] 2018-03-05 01:23:09,093 > Train Epoch: 59 	 Loss: 45690.653487
[INFO|main.py:85] 2018-03-05 01:23:09,104 > EPOCH 60 start
[INFO|main.py:102] 2018-03-05 01:23:12,734 > 19 % done
[INFO|main.py:102] 2018-03-05 01:23:16,777 > 39 % done
[INFO|main.py:102] 2018-03-05 01:23:20,481 > 58 % done
[INFO|main.py:102] 2018-03-05 01:23:24,937 > 78 % done
[INFO|main.py:102] 2018-03-05 01:23:29,536 > 97 % done
[INFO|main.py:111] 2018-03-05 01:23:30,426 > Train Epoch: 60 	 Loss: 45303.332793
[INFO|main.py:85] 2018-03-05 01:23:30,435 > EPOCH 61 start
[INFO|main.py:102] 2018-03-05 01:23:33,514 > 19 % done
[INFO|main.py:102] 2018-03-05 01:23:37,313 > 39 % done
[INFO|main.py:102] 2018-03-05 01:23:41,094 > 58 % done
[INFO|main.py:102] 2018-03-05 01:23:44,510 > 78 % done
[INFO|main.py:102] 2018-03-05 01:23:47,821 > 97 % done
[INFO|main.py:111] 2018-03-05 01:23:48,646 > Train Epoch: 61 	 Loss: 43768.902248
[INFO|main.py:85] 2018-03-05 01:23:48,655 > EPOCH 62 start
[INFO|main.py:102] 2018-03-05 01:23:51,519 > 19 % done
[INFO|main.py:102] 2018-03-05 01:23:54,804 > 39 % done
[INFO|main.py:102] 2018-03-05 01:23:58,082 > 58 % done
[INFO|main.py:102] 2018-03-05 01:24:01,386 > 78 % done
[INFO|main.py:102] 2018-03-05 01:24:04,688 > 97 % done
[INFO|main.py:111] 2018-03-05 01:24:05,510 > Train Epoch: 62 	 Loss: 43227.804688
[INFO|main.py:85] 2018-03-05 01:24:05,517 > EPOCH 63 start
[INFO|main.py:102] 2018-03-05 01:24:08,415 > 19 % done
[INFO|main.py:102] 2018-03-05 01:24:11,715 > 39 % done
[INFO|main.py:102] 2018-03-05 01:24:15,126 > 58 % done
[INFO|main.py:102] 2018-03-05 01:24:19,021 > 78 % done
[INFO|main.py:102] 2018-03-05 01:24:22,330 > 97 % done
[INFO|main.py:111] 2018-03-05 01:24:23,158 > Train Epoch: 63 	 Loss: 42304.547732
[INFO|main.py:85] 2018-03-05 01:24:23,167 > EPOCH 64 start
[INFO|main.py:102] 2018-03-05 01:24:26,053 > 19 % done
[INFO|main.py:102] 2018-03-05 01:24:29,359 > 39 % done
[INFO|main.py:102] 2018-03-05 01:24:32,749 > 58 % done
[INFO|main.py:102] 2018-03-05 01:24:36,381 > 78 % done
[INFO|main.py:102] 2018-03-05 01:24:40,790 > 97 % done
[INFO|main.py:111] 2018-03-05 01:24:41,717 > Train Epoch: 64 	 Loss: 41267.093369
[INFO|main.py:85] 2018-03-05 01:24:41,739 > EPOCH 65 start
[INFO|main.py:102] 2018-03-05 01:24:45,306 > 19 % done
[INFO|main.py:102] 2018-03-05 01:24:49,177 > 39 % done
[INFO|main.py:102] 2018-03-05 01:24:53,155 > 58 % done
[INFO|main.py:102] 2018-03-05 01:24:57,323 > 78 % done
[INFO|main.py:102] 2018-03-05 01:25:01,130 > 97 % done
[INFO|main.py:111] 2018-03-05 01:25:01,956 > Train Epoch: 65 	 Loss: 40415.979516
[INFO|main.py:85] 2018-03-05 01:25:01,963 > EPOCH 66 start
[INFO|main.py:102] 2018-03-05 01:25:05,197 > 19 % done
[INFO|main.py:102] 2018-03-05 01:25:08,941 > 39 % done
[INFO|main.py:102] 2018-03-05 01:25:12,434 > 58 % done
[INFO|main.py:102] 2018-03-05 01:25:15,782 > 78 % done
[INFO|main.py:102] 2018-03-05 01:25:19,631 > 97 % done
[INFO|main.py:111] 2018-03-05 01:25:20,740 > Train Epoch: 66 	 Loss: 39401.985518
[INFO|main.py:85] 2018-03-05 01:25:20,749 > EPOCH 67 start
[INFO|main.py:102] 2018-03-05 01:25:23,960 > 19 % done
[INFO|main.py:102] 2018-03-05 01:25:27,558 > 39 % done
[INFO|main.py:102] 2018-03-05 01:25:31,058 > 58 % done
[INFO|main.py:102] 2018-03-05 01:25:34,594 > 78 % done
[INFO|main.py:102] 2018-03-05 01:25:38,200 > 97 % done
[INFO|main.py:111] 2018-03-05 01:25:39,114 > Train Epoch: 67 	 Loss: 38635.560213
[INFO|main.py:85] 2018-03-05 01:25:39,123 > EPOCH 68 start
[INFO|main.py:102] 2018-03-05 01:25:42,448 > 19 % done
[INFO|main.py:102] 2018-03-05 01:25:46,116 > 39 % done
[INFO|main.py:102] 2018-03-05 01:25:49,612 > 58 % done
[INFO|main.py:102] 2018-03-05 01:25:53,665 > 78 % done
[INFO|main.py:102] 2018-03-05 01:25:57,545 > 97 % done
[INFO|main.py:111] 2018-03-05 01:25:58,687 > Train Epoch: 68 	 Loss: 37944.995998
[INFO|main.py:85] 2018-03-05 01:25:58,701 > EPOCH 69 start
[INFO|main.py:102] 2018-03-05 01:26:02,708 > 19 % done
[INFO|main.py:102] 2018-03-05 01:26:07,059 > 39 % done
[INFO|main.py:102] 2018-03-05 01:26:10,986 > 58 % done
[INFO|main.py:102] 2018-03-05 01:26:15,344 > 78 % done
[INFO|main.py:102] 2018-03-05 01:26:18,939 > 97 % done
[INFO|main.py:111] 2018-03-05 01:26:19,856 > Train Epoch: 69 	 Loss: 36943.618617
[INFO|main.py:85] 2018-03-05 01:26:19,863 > EPOCH 70 start
[INFO|main.py:102] 2018-03-05 01:26:23,392 > 19 % done
[INFO|main.py:102] 2018-03-05 01:26:27,763 > 39 % done
[INFO|main.py:102] 2018-03-05 01:26:31,555 > 58 % done
[INFO|main.py:102] 2018-03-05 01:26:35,544 > 78 % done
[INFO|main.py:102] 2018-03-05 01:26:39,562 > 97 % done
[INFO|main.py:111] 2018-03-05 01:26:40,555 > Train Epoch: 70 	 Loss: 36048.668636
[INFO|main.py:85] 2018-03-05 01:26:40,563 > EPOCH 71 start
[INFO|main.py:102] 2018-03-05 01:26:43,686 > 19 % done
[INFO|main.py:102] 2018-03-05 01:26:47,125 > 39 % done
[INFO|main.py:102] 2018-03-05 01:26:50,929 > 58 % done
[INFO|main.py:102] 2018-03-05 01:26:55,554 > 78 % done
[INFO|main.py:102] 2018-03-05 01:26:59,209 > 97 % done
[INFO|main.py:111] 2018-03-05 01:27:00,137 > Train Epoch: 71 	 Loss: 35315.254383
[INFO|main.py:85] 2018-03-05 01:27:00,143 > EPOCH 72 start
[INFO|main.py:102] 2018-03-05 01:27:03,330 > 19 % done
[INFO|main.py:102] 2018-03-05 01:27:07,114 > 39 % done
[INFO|main.py:102] 2018-03-05 01:27:10,766 > 58 % done
[INFO|main.py:102] 2018-03-05 01:27:14,562 > 78 % done
[INFO|main.py:102] 2018-03-05 01:27:17,979 > 97 % done
[INFO|main.py:111] 2018-03-05 01:27:18,986 > Train Epoch: 72 	 Loss: 34964.562214
[INFO|main.py:85] 2018-03-05 01:27:18,996 > EPOCH 73 start
[INFO|main.py:102] 2018-03-05 01:27:22,109 > 19 % done
[INFO|main.py:102] 2018-03-05 01:27:25,682 > 39 % done
[INFO|main.py:102] 2018-03-05 01:27:29,301 > 58 % done
[INFO|main.py:102] 2018-03-05 01:27:33,338 > 78 % done
[INFO|main.py:102] 2018-03-05 01:27:37,687 > 97 % done
[INFO|main.py:111] 2018-03-05 01:27:38,577 > Train Epoch: 73 	 Loss: 33946.677877
[INFO|main.py:85] 2018-03-05 01:27:38,585 > EPOCH 74 start
[INFO|main.py:102] 2018-03-05 01:27:41,945 > 19 % done
[INFO|main.py:102] 2018-03-05 01:27:45,761 > 39 % done
[INFO|main.py:102] 2018-03-05 01:27:49,125 > 58 % done
[INFO|main.py:102] 2018-03-05 01:27:52,962 > 78 % done
[INFO|main.py:102] 2018-03-05 01:27:57,436 > 97 % done
[INFO|main.py:111] 2018-03-05 01:27:58,346 > Train Epoch: 74 	 Loss: 33301.172351
[INFO|main.py:85] 2018-03-05 01:27:58,357 > EPOCH 75 start
[INFO|main.py:102] 2018-03-05 01:28:01,769 > 19 % done
[INFO|main.py:102] 2018-03-05 01:28:05,330 > 39 % done
[INFO|main.py:102] 2018-03-05 01:28:09,023 > 58 % done
[INFO|main.py:102] 2018-03-05 01:28:12,594 > 78 % done
[INFO|main.py:102] 2018-03-05 01:28:16,335 > 97 % done
[INFO|main.py:111] 2018-03-05 01:28:17,173 > Train Epoch: 75 	 Loss: 32776.093941
[INFO|main.py:85] 2018-03-05 01:28:17,179 > EPOCH 76 start
[INFO|main.py:102] 2018-03-05 01:28:20,344 > 19 % done
[INFO|main.py:102] 2018-03-05 01:28:23,821 > 39 % done
[INFO|main.py:102] 2018-03-05 01:28:27,227 > 58 % done
[INFO|main.py:102] 2018-03-05 01:28:30,711 > 78 % done
[INFO|main.py:102] 2018-03-05 01:28:34,216 > 97 % done
[INFO|main.py:111] 2018-03-05 01:28:35,079 > Train Epoch: 76 	 Loss: 32072.980421
[INFO|main.py:85] 2018-03-05 01:28:35,087 > EPOCH 77 start
[INFO|main.py:102] 2018-03-05 01:28:38,194 > 19 % done
[INFO|main.py:102] 2018-03-05 01:28:41,713 > 39 % done
[INFO|main.py:102] 2018-03-05 01:28:45,307 > 58 % done
[INFO|main.py:102] 2018-03-05 01:28:48,945 > 78 % done
[INFO|main.py:102] 2018-03-05 01:28:52,273 > 97 % done
[INFO|main.py:111] 2018-03-05 01:28:53,086 > Train Epoch: 77 	 Loss: 31665.872666
[INFO|main.py:85] 2018-03-05 01:28:53,093 > EPOCH 78 start
[INFO|main.py:102] 2018-03-05 01:28:56,706 > 19 % done
[INFO|main.py:102] 2018-03-05 01:29:00,355 > 39 % done
[INFO|main.py:102] 2018-03-05 01:29:03,815 > 58 % done
[INFO|main.py:102] 2018-03-05 01:29:07,318 > 78 % done
[INFO|main.py:102] 2018-03-05 01:29:10,883 > 97 % done
[INFO|main.py:111] 2018-03-05 01:29:11,811 > Train Epoch: 78 	 Loss: 30793.000333
[INFO|main.py:85] 2018-03-05 01:29:11,819 > EPOCH 79 start
[INFO|main.py:102] 2018-03-05 01:29:14,995 > 19 % done
[INFO|main.py:102] 2018-03-05 01:29:18,622 > 39 % done
[INFO|main.py:102] 2018-03-05 01:29:22,466 > 58 % done
[INFO|main.py:102] 2018-03-05 01:29:25,959 > 78 % done
[INFO|main.py:102] 2018-03-05 01:29:29,363 > 97 % done
[INFO|main.py:111] 2018-03-05 01:29:30,485 > Train Epoch: 79 	 Loss: 29976.785299
[INFO|main.py:85] 2018-03-05 01:29:30,500 > EPOCH 80 start
[INFO|main.py:102] 2018-03-05 01:29:33,835 > 19 % done
[INFO|main.py:102] 2018-03-05 01:29:37,347 > 39 % done
[INFO|main.py:102] 2018-03-05 01:29:40,716 > 58 % done
[INFO|main.py:102] 2018-03-05 01:29:44,108 > 78 % done
[INFO|main.py:102] 2018-03-05 01:29:47,549 > 97 % done
[INFO|main.py:111] 2018-03-05 01:29:48,400 > Train Epoch: 80 	 Loss: 29671.159156
[INFO|main.py:85] 2018-03-05 01:29:48,409 > EPOCH 81 start
[INFO|main.py:102] 2018-03-05 01:29:51,526 > 19 % done
[INFO|main.py:102] 2018-03-05 01:29:54,788 > 39 % done
[INFO|main.py:102] 2018-03-05 01:29:58,269 > 58 % done
[INFO|main.py:102] 2018-03-05 01:30:01,803 > 78 % done
[INFO|main.py:102] 2018-03-05 01:30:05,386 > 97 % done
[INFO|main.py:111] 2018-03-05 01:30:06,248 > Train Epoch: 81 	 Loss: 29221.280011
[INFO|main.py:85] 2018-03-05 01:30:06,258 > EPOCH 82 start
[INFO|main.py:102] 2018-03-05 01:30:09,761 > 19 % done
[INFO|main.py:102] 2018-03-05 01:30:13,415 > 39 % done
[INFO|main.py:102] 2018-03-05 01:30:17,080 > 58 % done
[INFO|main.py:102] 2018-03-05 01:30:20,749 > 78 % done
[INFO|main.py:102] 2018-03-05 01:30:24,237 > 97 % done
[INFO|main.py:111] 2018-03-05 01:30:25,157 > Train Epoch: 82 	 Loss: 28934.246618
[INFO|main.py:85] 2018-03-05 01:30:25,170 > EPOCH 83 start
[INFO|main.py:102] 2018-03-05 01:30:28,155 > 19 % done
[INFO|main.py:102] 2018-03-05 01:30:31,998 > 39 % done
[INFO|main.py:102] 2018-03-05 01:30:35,671 > 58 % done
[INFO|main.py:102] 2018-03-05 01:30:39,548 > 78 % done
[INFO|main.py:102] 2018-03-05 01:30:43,340 > 97 % done
[INFO|main.py:111] 2018-03-05 01:30:44,251 > Train Epoch: 83 	 Loss: 28238.320360
[INFO|main.py:85] 2018-03-05 01:30:44,260 > EPOCH 84 start
[INFO|main.py:102] 2018-03-05 01:30:47,628 > 19 % done
[INFO|main.py:102] 2018-03-05 01:30:51,170 > 39 % done
[INFO|main.py:102] 2018-03-05 01:30:54,732 > 58 % done
[INFO|main.py:102] 2018-03-05 01:30:58,200 > 78 % done
[INFO|main.py:102] 2018-03-05 01:31:01,750 > 97 % done
[INFO|main.py:111] 2018-03-05 01:31:02,636 > Train Epoch: 84 	 Loss: 27684.946456
[INFO|main.py:85] 2018-03-05 01:31:02,646 > EPOCH 85 start
[INFO|main.py:102] 2018-03-05 01:31:05,741 > 19 % done
[INFO|main.py:102] 2018-03-05 01:31:09,288 > 39 % done
[INFO|main.py:102] 2018-03-05 01:31:12,958 > 58 % done
[INFO|main.py:102] 2018-03-05 01:31:16,832 > 78 % done
[INFO|main.py:102] 2018-03-05 01:31:20,425 > 97 % done
[INFO|main.py:111] 2018-03-05 01:31:21,306 > Train Epoch: 85 	 Loss: 27214.778963
[INFO|main.py:85] 2018-03-05 01:31:21,316 > EPOCH 86 start
[INFO|main.py:102] 2018-03-05 01:31:24,527 > 19 % done
[INFO|main.py:102] 2018-03-05 01:31:28,245 > 39 % done
[INFO|main.py:102] 2018-03-05 01:31:32,039 > 58 % done
[INFO|main.py:102] 2018-03-05 01:31:36,032 > 78 % done
[INFO|main.py:102] 2018-03-05 01:31:40,242 > 97 % done
[INFO|main.py:111] 2018-03-05 01:31:41,315 > Train Epoch: 86 	 Loss: 26784.088700
[INFO|main.py:85] 2018-03-05 01:31:41,325 > EPOCH 87 start
[INFO|main.py:102] 2018-03-05 01:31:44,573 > 19 % done
[INFO|main.py:102] 2018-03-05 01:31:48,438 > 39 % done
[INFO|main.py:102] 2018-03-05 01:31:51,842 > 58 % done
[INFO|main.py:102] 2018-03-05 01:31:55,359 > 78 % done
[INFO|main.py:102] 2018-03-05 01:31:58,867 > 97 % done
[INFO|main.py:111] 2018-03-05 01:31:59,748 > Train Epoch: 87 	 Loss: 26228.887290
[INFO|main.py:85] 2018-03-05 01:31:59,758 > EPOCH 88 start
[INFO|main.py:102] 2018-03-05 01:32:03,069 > 19 % done
[INFO|main.py:102] 2018-03-05 01:32:06,705 > 39 % done
[INFO|main.py:102] 2018-03-05 01:32:10,233 > 58 % done
[INFO|main.py:102] 2018-03-05 01:32:13,538 > 78 % done
[INFO|main.py:102] 2018-03-05 01:32:16,824 > 97 % done
[INFO|main.py:111] 2018-03-05 01:32:17,647 > Train Epoch: 88 	 Loss: 25972.356993
[INFO|main.py:85] 2018-03-05 01:32:17,654 > EPOCH 89 start
[INFO|main.py:102] 2018-03-05 01:32:20,533 > 19 % done
[INFO|main.py:102] 2018-03-05 01:32:23,753 > 39 % done
[INFO|main.py:102] 2018-03-05 01:32:27,033 > 58 % done
[INFO|main.py:102] 2018-03-05 01:32:30,295 > 78 % done
[INFO|main.py:102] 2018-03-05 01:32:33,527 > 97 % done
[INFO|main.py:111] 2018-03-05 01:32:34,341 > Train Epoch: 89 	 Loss: 25587.330507
[INFO|main.py:85] 2018-03-05 01:32:34,348 > EPOCH 90 start
[INFO|main.py:102] 2018-03-05 01:32:37,220 > 19 % done
[INFO|main.py:102] 2018-03-05 01:32:40,479 > 39 % done
[INFO|main.py:102] 2018-03-05 01:32:44,042 > 58 % done
[INFO|main.py:102] 2018-03-05 01:32:47,555 > 78 % done
[INFO|main.py:102] 2018-03-05 01:32:50,999 > 97 % done
[INFO|main.py:111] 2018-03-05 01:32:51,988 > Train Epoch: 90 	 Loss: 25139.053306
[INFO|main.py:85] 2018-03-05 01:32:51,997 > EPOCH 91 start
[INFO|main.py:102] 2018-03-05 01:32:55,222 > 19 % done
[INFO|main.py:102] 2018-03-05 01:32:58,520 > 39 % done
[INFO|main.py:102] 2018-03-05 01:33:02,150 > 58 % done
[INFO|main.py:102] 2018-03-05 01:33:05,931 > 78 % done
[INFO|main.py:102] 2018-03-05 01:33:09,724 > 97 % done
[INFO|main.py:111] 2018-03-05 01:33:10,701 > Train Epoch: 91 	 Loss: 24700.088367
[INFO|main.py:85] 2018-03-05 01:33:10,709 > EPOCH 92 start
[INFO|main.py:102] 2018-03-05 01:33:13,897 > 19 % done
[INFO|main.py:102] 2018-03-05 01:33:17,617 > 39 % done
[INFO|main.py:102] 2018-03-05 01:33:21,376 > 58 % done
[INFO|main.py:102] 2018-03-05 01:33:25,186 > 78 % done
[INFO|main.py:102] 2018-03-05 01:33:29,975 > 97 % done
[INFO|main.py:111] 2018-03-05 01:33:31,072 > Train Epoch: 92 	 Loss: 24553.837843
[INFO|main.py:85] 2018-03-05 01:33:31,081 > EPOCH 93 start
[INFO|main.py:102] 2018-03-05 01:33:34,379 > 19 % done
[INFO|main.py:102] 2018-03-05 01:33:38,370 > 39 % done
[INFO|main.py:102] 2018-03-05 01:33:42,125 > 58 % done
[INFO|main.py:102] 2018-03-05 01:33:45,370 > 78 % done
[INFO|main.py:102] 2018-03-05 01:33:48,641 > 97 % done
[INFO|main.py:111] 2018-03-05 01:33:49,490 > Train Epoch: 93 	 Loss: 24231.801258
[INFO|main.py:85] 2018-03-05 01:33:49,496 > EPOCH 94 start
[INFO|main.py:102] 2018-03-05 01:33:52,671 > 19 % done
[INFO|main.py:102] 2018-03-05 01:33:56,325 > 39 % done
[INFO|main.py:102] 2018-03-05 01:34:00,166 > 58 % done
[INFO|main.py:102] 2018-03-05 01:34:03,980 > 78 % done
[INFO|main.py:102] 2018-03-05 01:34:07,679 > 97 % done
[INFO|main.py:111] 2018-03-05 01:34:08,524 > Train Epoch: 94 	 Loss: 23711.602706
[INFO|main.py:85] 2018-03-05 01:34:08,533 > EPOCH 95 start
[INFO|main.py:102] 2018-03-05 01:34:11,668 > 19 % done
[INFO|main.py:102] 2018-03-05 01:34:15,217 > 39 % done
[INFO|main.py:102] 2018-03-05 01:34:18,523 > 58 % done
[INFO|main.py:102] 2018-03-05 01:34:22,311 > 78 % done
[INFO|main.py:102] 2018-03-05 01:34:26,400 > 97 % done
[INFO|main.py:111] 2018-03-05 01:34:27,414 > Train Epoch: 95 	 Loss: 23374.440215
[INFO|main.py:85] 2018-03-05 01:34:27,421 > EPOCH 96 start
[INFO|main.py:102] 2018-03-05 01:34:30,648 > 19 % done
[INFO|main.py:102] 2018-03-05 01:34:34,828 > 39 % done
[INFO|main.py:102] 2018-03-05 01:34:38,140 > 58 % done
[INFO|main.py:102] 2018-03-05 01:34:41,433 > 78 % done
[INFO|main.py:102] 2018-03-05 01:34:44,722 > 97 % done
[INFO|main.py:111] 2018-03-05 01:34:45,547 > Train Epoch: 96 	 Loss: 23160.018293
[INFO|main.py:85] 2018-03-05 01:34:45,553 > EPOCH 97 start
[INFO|main.py:102] 2018-03-05 01:34:48,424 > 19 % done
[INFO|main.py:102] 2018-03-05 01:34:51,684 > 39 % done
[INFO|main.py:102] 2018-03-05 01:34:54,947 > 58 % done
[INFO|main.py:102] 2018-03-05 01:34:58,199 > 78 % done
[INFO|main.py:102] 2018-03-05 01:35:01,660 > 97 % done
[INFO|main.py:111] 2018-03-05 01:35:02,495 > Train Epoch: 97 	 Loss: 22644.352039
[INFO|main.py:85] 2018-03-05 01:35:02,502 > EPOCH 98 start
[INFO|main.py:102] 2018-03-05 01:35:05,352 > 19 % done
[INFO|main.py:102] 2018-03-05 01:35:08,628 > 39 % done
[INFO|main.py:102] 2018-03-05 01:35:11,916 > 58 % done
[INFO|main.py:102] 2018-03-05 01:35:15,223 > 78 % done
[INFO|main.py:102] 2018-03-05 01:35:18,519 > 97 % done
[INFO|main.py:111] 2018-03-05 01:35:19,343 > Train Epoch: 98 	 Loss: 22505.122856
[INFO|main.py:85] 2018-03-05 01:35:19,352 > EPOCH 99 start
[INFO|main.py:102] 2018-03-05 01:35:22,337 > 19 % done
[INFO|main.py:102] 2018-03-05 01:35:25,745 > 39 % done
[INFO|main.py:102] 2018-03-05 01:35:29,062 > 58 % done
[INFO|main.py:102] 2018-03-05 01:35:32,387 > 78 % done
[INFO|main.py:102] 2018-03-05 01:35:35,682 > 97 % done
[INFO|main.py:111] 2018-03-05 01:35:36,507 > Train Epoch: 99 	 Loss: 22009.224085
[INFO|main.py:85] 2018-03-05 01:35:36,515 > EPOCH 100 start
[INFO|main.py:102] 2018-03-05 01:35:39,417 > 19 % done
[INFO|main.py:102] 2018-03-05 01:35:42,680 > 39 % done
[INFO|main.py:102] 2018-03-05 01:35:46,299 > 58 % done
[INFO|main.py:102] 2018-03-05 01:35:49,935 > 78 % done
[INFO|main.py:102] 2018-03-05 01:35:53,440 > 97 % done
[INFO|main.py:111] 2018-03-05 01:35:54,532 > Train Epoch: 100 	 Loss: 21696.828792
[INFO|main.py:85] 2018-03-05 01:35:54,542 > EPOCH 101 start
[INFO|main.py:102] 2018-03-05 01:35:57,834 > 19 % done
[INFO|main.py:102] 2018-03-05 01:36:01,594 > 39 % done
[INFO|main.py:102] 2018-03-05 01:36:05,418 > 58 % done
[INFO|main.py:102] 2018-03-05 01:36:09,502 > 78 % done
[INFO|main.py:102] 2018-03-05 01:36:13,357 > 97 % done
[INFO|main.py:111] 2018-03-05 01:36:14,324 > Train Epoch: 101 	 Loss: 21537.680307
[INFO|main.py:85] 2018-03-05 01:36:14,332 > EPOCH 102 start
[INFO|main.py:102] 2018-03-05 01:36:17,494 > 19 % done
[INFO|main.py:102] 2018-03-05 01:36:20,773 > 39 % done
[INFO|main.py:102] 2018-03-05 01:36:24,107 > 58 % done
[INFO|main.py:102] 2018-03-05 01:36:27,558 > 78 % done
[INFO|main.py:102] 2018-03-05 01:36:31,381 > 97 % done
[INFO|main.py:111] 2018-03-05 01:36:32,352 > Train Epoch: 102 	 Loss: 21123.174352
[INFO|main.py:85] 2018-03-05 01:36:32,363 > EPOCH 103 start
[INFO|main.py:102] 2018-03-05 01:36:35,283 > 19 % done
[INFO|main.py:102] 2018-03-05 01:36:38,794 > 39 % done
[INFO|main.py:102] 2018-03-05 01:36:42,154 > 58 % done
[INFO|main.py:102] 2018-03-05 01:36:45,478 > 78 % done
[INFO|main.py:102] 2018-03-05 01:36:49,449 > 97 % done
[INFO|main.py:111] 2018-03-05 01:36:50,364 > Train Epoch: 103 	 Loss: 21037.775010
[INFO|main.py:85] 2018-03-05 01:36:50,375 > EPOCH 104 start
[INFO|main.py:102] 2018-03-05 01:36:53,954 > 19 % done
